<?xml version="1.0" encoding="UTF-8"?>
<!-- Generated by org.testng.reporters.JUnitReportReporter -->
<testsuite hostname="AMIT-PC" failures="0" tests="1" name="AmitPractice.Sample1" time="0.009" errors="0" timestamp="2022-09-26T11:18:23 IST" skipped="0">
  <testcase classname="AmitPractice.Sample1" name="display" time="0.009"/>
  <system-out/>
</testsuite> <!-- AmitPractice.Sample1 -->
