<?xml version="1.0" encoding="UTF-8"?>
<!-- Generated by org.testng.reporters.JUnitReportReporter -->
<testsuite hostname="DESKTOP-VIEUAQD" failures="0" tests="1" name="testngImplementation.Campaign" time="15.544" errors="0" timestamp="26 Sep 2022 11:47:19 GMT">
  <testcase classname="testngImplementation.Campaign" name="campaignmodule_Test" time="15.544"/>
</testsuite> <!-- testngImplementation.Campaign -->
