<?xml version="1.0" encoding="UTF-8"?>
<!-- Generated by org.testng.reporters.JUnitReportReporter -->
<testsuite hostname="DESKTOP-VIEUAQD" failures="0" tests="1" name="testngImplementation.Products" time="13.719" errors="0" timestamp="10 Sep 2022 12:01:41 GMT">
  <testcase classname="testngImplementation.Products" name="products_test" time="13.719"/>
</testsuite> <!-- testngImplementation.Products -->
