<?xml version="1.0" encoding="UTF-8"?>
<!-- Generated by org.testng.reporters.JUnitReportReporter -->
<testsuite hostname="DESKTOP-VIEUAQD" failures="0" tests="1" name="org.vtiger.practice.Flipkart" time="33.956" errors="0" timestamp="31 Aug 2022 17:37:47 GMT">
  <testcase classname="org.vtiger.practice.Flipkart" name="flipkart" time="33.956"/>
</testsuite> <!-- org.vtiger.practice.Flipkart -->
